mode: atomic
github.com/xeger/goa-middleware-jwt/context.go:16.65,18.2 1 6
github.com/xeger/goa-middleware-jwt/context.go:21.49,23.9 2 6
github.com/xeger/goa-middleware-jwt/context.go:26.2,26.14 1 6
github.com/xeger/goa-middleware-jwt/context.go:23.9,25.3 1 0
github.com/xeger/goa-middleware-jwt/jwt.go:36.59,39.2 2 19
github.com/xeger/goa-middleware-jwt/jwt.go:42.78,43.51 1 21
github.com/xeger/goa-middleware-jwt/jwt.go:43.51,44.85 1 21
github.com/xeger/goa-middleware-jwt/jwt.go:44.85,46.18 2 21
github.com/xeger/goa-middleware-jwt/jwt.go:50.4,52.36 2 6
github.com/xeger/goa-middleware-jwt/jwt.go:46.18,48.5 1 15
github.com/xeger/goa-middleware-jwt/jwt.go:57.97,58.32 1 21
github.com/xeger/goa-middleware-jwt/jwt.go:62.2,63.17 2 20
github.com/xeger/goa-middleware-jwt/jwt.go:67.2,67.70 1 17
github.com/xeger/goa-middleware-jwt/jwt.go:58.32,60.3 1 1
github.com/xeger/goa-middleware-jwt/jwt.go:63.17,65.3 1 3
github.com/xeger/goa-middleware-jwt/jwt.go:67.70,69.17 2 14
github.com/xeger/goa-middleware-jwt/jwt.go:72.3,73.17 2 13
github.com/xeger/goa-middleware-jwt/jwt.go:76.3,76.18 1 12
github.com/xeger/goa-middleware-jwt/jwt.go:69.17,71.4 1 1
github.com/xeger/goa-middleware-jwt/jwt.go:73.17,75.4 1 1
github.com/xeger/goa-middleware-jwt/jwt.go:80.41,82.20 2 20
github.com/xeger/goa-middleware-jwt/jwt.go:85.2,85.16 1 17
github.com/xeger/goa-middleware-jwt/jwt.go:82.20,84.3 1 3
github.com/xeger/goa-middleware-jwt/jwt.go:88.55,89.39 1 16
github.com/xeger/goa-middleware-jwt/jwt.go:90.2,92.9 2 14
github.com/xeger/goa-middleware-jwt/jwt.go:95.3,95.86 1 1
github.com/xeger/goa-middleware-jwt/jwt.go:96.2,97.28 1 1
github.com/xeger/goa-middleware-jwt/jwt.go:98.2,99.66 1 1
github.com/xeger/goa-middleware-jwt/jwt.go:92.9,94.4 1 13
github.com/xeger/goa-middleware-jwt/named_keystore.go:28.62,32.20 3 19
github.com/xeger/goa-middleware-jwt/named_keystore.go:36.2,36.68 1 19
github.com/xeger/goa-middleware-jwt/named_keystore.go:41.2,41.26 1 18
github.com/xeger/goa-middleware-jwt/named_keystore.go:48.2,48.26 1 18
github.com/xeger/goa-middleware-jwt/named_keystore.go:55.2,55.12 1 17
github.com/xeger/goa-middleware-jwt/named_keystore.go:32.20,34.3 1 10
github.com/xeger/goa-middleware-jwt/named_keystore.go:36.68,38.3 1 1
github.com/xeger/goa-middleware-jwt/named_keystore.go:42.2,43.20 1 2
github.com/xeger/goa-middleware-jwt/named_keystore.go:44.2,45.19 1 1
github.com/xeger/goa-middleware-jwt/named_keystore.go:49.2,50.23 1 17
github.com/xeger/goa-middleware-jwt/named_keystore.go:51.2,52.52 1 1
github.com/xeger/goa-middleware-jwt/named_keystore.go:58.53,62.20 3 2
github.com/xeger/goa-middleware-jwt/named_keystore.go:66.2,67.8 2 1
github.com/xeger/goa-middleware-jwt/named_keystore.go:62.20,64.3 1 1
github.com/xeger/goa-middleware-jwt/named_keystore.go:70.49,74.20 3 7
github.com/xeger/goa-middleware-jwt/named_keystore.go:78.2,78.12 1 2
github.com/xeger/goa-middleware-jwt/named_keystore.go:74.20,76.3 1 5
github.com/xeger/goa-middleware-jwt/single_keystore.go:17.63,18.37 1 4
github.com/xeger/goa-middleware-jwt/single_keystore.go:21.2,21.12 1 3
github.com/xeger/goa-middleware-jwt/single_keystore.go:18.37,20.3 1 1
github.com/xeger/goa-middleware-jwt/single_keystore.go:24.54,25.2 0 1
github.com/xeger/goa-middleware-jwt/single_keystore.go:27.50,29.2 1 15
